0 verbose cli /opt/homebrew/Cellar/node/25.2.1/bin/node /opt/homebrew/lib/node_modules/npm/bin/npm-cli.js
1 info using npm@11.6.2
2 info using node@v25.2.1
3 silly config load:file:/opt/homebrew/lib/node_modules/npm/npmrc
4 silly config load:file:/Users/toby/Desktop/code/SDD/calendar/.npmrc
5 silly config load:file:/Users/toby/.npmrc
6 silly config load:file:/opt/homebrew/etc/npmrc
7 verbose title npm exec playwright install chromium --with-deps
8 verbose argv "exec" "--" "playwright" "install" "chromium" "--with-deps"
9 verbose logfile logs-max:10 dir:/Users/toby/Desktop/code/SDD/calendar/.npm-cache/_logs/2026-01-11T12_09_23_122Z-
10 verbose logfile /Users/toby/Desktop/code/SDD/calendar/.npm-cache/_logs/2026-01-11T12_09_23_122Z-debug-0.log
11 silly logfile done cleaning log files
12 http fetch GET 200 https://registry.npmjs.org/npm 657ms
13 verbose cwd /Users/toby/Desktop/code/SDD/calendar
14 verbose os Darwin 24.5.0
15 verbose node v25.2.1
16 verbose npm  v11.6.2
17 notice
17 notice New [33mminor[39m version of npm available! [33m11.6.2[39m -> [34m11.7.0[39m
17 notice Changelog: [34mhttps://github.com/npm/cli/releases/tag/v11.7.0[39m
17 notice To update run: [4mnpm install -g npm@11.7.0[24m
17 notice  { force: true, Symbol(proc-log.meta): true }
18 verbose exit 0
19 info ok
